Determining if the pthread_create exist failed with the following output:
Change Dir: /home/pev/Documents/Arm_vision/catkin_ws/build/my_pcl_tutorial/CMakeFiles/CMakeTmp

Run Build Command:"/usr/bin/make" "cmTC_9fcff/fast"
/usr/bin/make -f CMakeFiles/cmTC_9fcff.dir/build.make CMakeFiles/cmTC_9fcff.dir/build
make[1]: Entering directory '/home/pev/Documents/Arm_vision/catkin_ws/build/my_pcl_tutorial/CMakeFiles/CMakeTmp'
Building C object CMakeFiles/cmTC_9fcff.dir/CheckSymbolExists.c.o
/usr/bin/cc    -o CMakeFiles/cmTC_9fcff.dir/CheckSymbolExists.c.o   -c /home/pev/Documents/Arm_vision/catkin_ws/build/my_pcl_tutorial/CMakeFiles/CMakeTmp/CheckSymbolExists.c
Linking C executable cmTC_9fcff
/usr/bin/cmake -E cmake_link_script CMakeFiles/cmTC_9fcff.dir/link.txt --verbose=1
/usr/bin/cc      -rdynamic CMakeFiles/cmTC_9fcff.dir/CheckSymbolExists.c.o  -o cmTC_9fcff 
CMakeFiles/cmTC_9fcff.dir/CheckSymbolExists.c.o: In function `main':
CheckSymbolExists.c:(.text+0x1b): undefined reference to `pthread_create'
collect2: error: ld returned 1 exit status
CMakeFiles/cmTC_9fcff.dir/build.make:97: recipe for target 'cmTC_9fcff' failed
make[1]: *** [cmTC_9fcff] Error 1
make[1]: Leaving directory '/home/pev/Documents/Arm_vision/catkin_ws/build/my_pcl_tutorial/CMakeFiles/CMakeTmp'
Makefile:126: recipe for target 'cmTC_9fcff/fast' failed
make: *** [cmTC_9fcff/fast] Error 2

File /home/pev/Documents/Arm_vision/catkin_ws/build/my_pcl_tutorial/CMakeFiles/CMakeTmp/CheckSymbolExists.c:
/* */
#include <pthread.h>

int main(int argc, char** argv)
{
  (void)argv;
#ifndef pthread_create
  return ((int*)(&pthread_create))[argc];
#else
  (void)argc;
  return 0;
#endif
}

Determining if the function pthread_create exists in the pthreads failed with the following output:
Change Dir: /home/pev/Documents/Arm_vision/catkin_ws/build/my_pcl_tutorial/CMakeFiles/CMakeTmp

Run Build Command:"/usr/bin/make" "cmTC_f07c3/fast"
/usr/bin/make -f CMakeFiles/cmTC_f07c3.dir/build.make CMakeFiles/cmTC_f07c3.dir/build
make[1]: Entering directory '/home/pev/Documents/Arm_vision/catkin_ws/build/my_pcl_tutorial/CMakeFiles/CMakeTmp'
Building C object CMakeFiles/cmTC_f07c3.dir/CheckFunctionExists.c.o
/usr/bin/cc   -DCHECK_FUNCTION_EXISTS=pthread_create   -o CMakeFiles/cmTC_f07c3.dir/CheckFunctionExists.c.o   -c /usr/share/cmake-3.10/Modules/CheckFunctionExists.c
Linking C executable cmTC_f07c3
/usr/bin/cmake -E cmake_link_script CMakeFiles/cmTC_f07c3.dir/link.txt --verbose=1
/usr/bin/cc  -DCHECK_FUNCTION_EXISTS=pthread_create    -rdynamic CMakeFiles/cmTC_f07c3.dir/CheckFunctionExists.c.o  -o cmTC_f07c3 -lpthreads 
/usr/bin/ld: cannot find -lpthreads
collect2: error: ld returned 1 exit status
CMakeFiles/cmTC_f07c3.dir/build.make:97: recipe for target 'cmTC_f07c3' failed
make[1]: *** [cmTC_f07c3] Error 1
make[1]: Leaving directory '/home/pev/Documents/Arm_vision/catkin_ws/build/my_pcl_tutorial/CMakeFiles/CMakeTmp'
Makefile:126: recipe for target 'cmTC_f07c3/fast' failed
make: *** [cmTC_f07c3/fast] Error 2


