Determining if the pthread_create exist failed with the following output:
Change Dir: /home/pev/Documents/Arm_vision/catkin_ws/build/catkin_tools_prebuild/CMakeFiles/CMakeTmp

Run Build Command:"/usr/bin/make" "cmTC_5d06b/fast"
/usr/bin/make -f CMakeFiles/cmTC_5d06b.dir/build.make CMakeFiles/cmTC_5d06b.dir/build
make[1]: Entering directory '/home/pev/Documents/Arm_vision/catkin_ws/build/catkin_tools_prebuild/CMakeFiles/CMakeTmp'
Building C object CMakeFiles/cmTC_5d06b.dir/CheckSymbolExists.c.o
/usr/bin/cc    -o CMakeFiles/cmTC_5d06b.dir/CheckSymbolExists.c.o   -c /home/pev/Documents/Arm_vision/catkin_ws/build/catkin_tools_prebuild/CMakeFiles/CMakeTmp/CheckSymbolExists.c
Linking C executable cmTC_5d06b
/usr/bin/cmake -E cmake_link_script CMakeFiles/cmTC_5d06b.dir/link.txt --verbose=1
/usr/bin/cc      -rdynamic CMakeFiles/cmTC_5d06b.dir/CheckSymbolExists.c.o  -o cmTC_5d06b 
CMakeFiles/cmTC_5d06b.dir/CheckSymbolExists.c.o: In function `main':
CheckSymbolExists.c:(.text+0x1b): undefined reference to `pthread_create'
collect2: error: ld returned 1 exit status
CMakeFiles/cmTC_5d06b.dir/build.make:97: recipe for target 'cmTC_5d06b' failed
make[1]: *** [cmTC_5d06b] Error 1
make[1]: Leaving directory '/home/pev/Documents/Arm_vision/catkin_ws/build/catkin_tools_prebuild/CMakeFiles/CMakeTmp'
Makefile:126: recipe for target 'cmTC_5d06b/fast' failed
make: *** [cmTC_5d06b/fast] Error 2

File /home/pev/Documents/Arm_vision/catkin_ws/build/catkin_tools_prebuild/CMakeFiles/CMakeTmp/CheckSymbolExists.c:
/* */
#include <pthread.h>

int main(int argc, char** argv)
{
  (void)argv;
#ifndef pthread_create
  return ((int*)(&pthread_create))[argc];
#else
  (void)argc;
  return 0;
#endif
}

Determining if the function pthread_create exists in the pthreads failed with the following output:
Change Dir: /home/pev/Documents/Arm_vision/catkin_ws/build/catkin_tools_prebuild/CMakeFiles/CMakeTmp

Run Build Command:"/usr/bin/make" "cmTC_b6dcb/fast"
/usr/bin/make -f CMakeFiles/cmTC_b6dcb.dir/build.make CMakeFiles/cmTC_b6dcb.dir/build
make[1]: Entering directory '/home/pev/Documents/Arm_vision/catkin_ws/build/catkin_tools_prebuild/CMakeFiles/CMakeTmp'
Building C object CMakeFiles/cmTC_b6dcb.dir/CheckFunctionExists.c.o
/usr/bin/cc   -DCHECK_FUNCTION_EXISTS=pthread_create   -o CMakeFiles/cmTC_b6dcb.dir/CheckFunctionExists.c.o   -c /usr/share/cmake-3.10/Modules/CheckFunctionExists.c
Linking C executable cmTC_b6dcb
/usr/bin/cmake -E cmake_link_script CMakeFiles/cmTC_b6dcb.dir/link.txt --verbose=1
/usr/bin/cc  -DCHECK_FUNCTION_EXISTS=pthread_create    -rdynamic CMakeFiles/cmTC_b6dcb.dir/CheckFunctionExists.c.o  -o cmTC_b6dcb -lpthreads 
/usr/bin/ld: cannot find -lpthreads
collect2: error: ld returned 1 exit status
CMakeFiles/cmTC_b6dcb.dir/build.make:97: recipe for target 'cmTC_b6dcb' failed
make[1]: *** [cmTC_b6dcb] Error 1
make[1]: Leaving directory '/home/pev/Documents/Arm_vision/catkin_ws/build/catkin_tools_prebuild/CMakeFiles/CMakeTmp'
Makefile:126: recipe for target 'cmTC_b6dcb/fast' failed
make: *** [cmTC_b6dcb/fast] Error 2


