Linked: (/home/pev/Documents/Arm_vision/catkin_ws/devel/.private/realsense2_camera/lib/librealsense2_camera.so, /home/pev/Documents/Arm_vision/catkin_ws/devel/lib/librealsense2_camera.so)
Linked: (/home/pev/Documents/Arm_vision/catkin_ws/devel/.private/realsense2_camera/lib/python2.7/dist-packages/realsense2_camera/__init__.py, /home/pev/Documents/Arm_vision/catkin_ws/devel/lib/python2.7/dist-packages/realsense2_camera/__init__.py)
Linked: (/home/pev/Documents/Arm_vision/catkin_ws/devel/.private/realsense2_camera/lib/python2.7/dist-packages/realsense2_camera/msg/_Extrinsics.py, /home/pev/Documents/Arm_vision/catkin_ws/devel/lib/python2.7/dist-packages/realsense2_camera/msg/_Extrinsics.py)
Linked: (/home/pev/Documents/Arm_vision/catkin_ws/devel/.private/realsense2_camera/lib/python2.7/dist-packages/realsense2_camera/msg/_IMUInfo.py, /home/pev/Documents/Arm_vision/catkin_ws/devel/lib/python2.7/dist-packages/realsense2_camera/msg/_IMUInfo.py)
Linked: (/home/pev/Documents/Arm_vision/catkin_ws/devel/.private/realsense2_camera/lib/python2.7/dist-packages/realsense2_camera/msg/__init__.py, /home/pev/Documents/Arm_vision/catkin_ws/devel/lib/python2.7/dist-packages/realsense2_camera/msg/__init__.py)
Linked: (/home/pev/Documents/Arm_vision/catkin_ws/devel/.private/realsense2_camera/lib/pkgconfig/realsense2_camera.pc, /home/pev/Documents/Arm_vision/catkin_ws/devel/lib/pkgconfig/realsense2_camera.pc)
Linked: (/home/pev/Documents/Arm_vision/catkin_ws/devel/.private/realsense2_camera/include/realsense2_camera/Extrinsics.h, /home/pev/Documents/Arm_vision/catkin_ws/devel/include/realsense2_camera/Extrinsics.h)
Linked: (/home/pev/Documents/Arm_vision/catkin_ws/devel/.private/realsense2_camera/include/realsense2_camera/IMUInfo.h, /home/pev/Documents/Arm_vision/catkin_ws/devel/include/realsense2_camera/IMUInfo.h)
Linked: (/home/pev/Documents/Arm_vision/catkin_ws/devel/.private/realsense2_camera/share/gennodejs/ros/realsense2_camera/_index.js, /home/pev/Documents/Arm_vision/catkin_ws/devel/share/gennodejs/ros/realsense2_camera/_index.js)
Linked: (/home/pev/Documents/Arm_vision/catkin_ws/devel/.private/realsense2_camera/share/gennodejs/ros/realsense2_camera/msg/Extrinsics.js, /home/pev/Documents/Arm_vision/catkin_ws/devel/share/gennodejs/ros/realsense2_camera/msg/Extrinsics.js)
Linked: (/home/pev/Documents/Arm_vision/catkin_ws/devel/.private/realsense2_camera/share/gennodejs/ros/realsense2_camera/msg/IMUInfo.js, /home/pev/Documents/Arm_vision/catkin_ws/devel/share/gennodejs/ros/realsense2_camera/msg/IMUInfo.js)
Linked: (/home/pev/Documents/Arm_vision/catkin_ws/devel/.private/realsense2_camera/share/gennodejs/ros/realsense2_camera/msg/_index.js, /home/pev/Documents/Arm_vision/catkin_ws/devel/share/gennodejs/ros/realsense2_camera/msg/_index.js)
Linked: (/home/pev/Documents/Arm_vision/catkin_ws/devel/.private/realsense2_camera/share/common-lisp/ros/realsense2_camera/msg/_package_IMUInfo.lisp, /home/pev/Documents/Arm_vision/catkin_ws/devel/share/common-lisp/ros/realsense2_camera/msg/_package_IMUInfo.lisp)
Linked: (/home/pev/Documents/Arm_vision/catkin_ws/devel/.private/realsense2_camera/share/common-lisp/ros/realsense2_camera/msg/realsense2_camera-msg.asd, /home/pev/Documents/Arm_vision/catkin_ws/devel/share/common-lisp/ros/realsense2_camera/msg/realsense2_camera-msg.asd)
Linked: (/home/pev/Documents/Arm_vision/catkin_ws/devel/.private/realsense2_camera/share/common-lisp/ros/realsense2_camera/msg/IMUInfo.lisp, /home/pev/Documents/Arm_vision/catkin_ws/devel/share/common-lisp/ros/realsense2_camera/msg/IMUInfo.lisp)
Linked: (/home/pev/Documents/Arm_vision/catkin_ws/devel/.private/realsense2_camera/share/common-lisp/ros/realsense2_camera/msg/_package_Extrinsics.lisp, /home/pev/Documents/Arm_vision/catkin_ws/devel/share/common-lisp/ros/realsense2_camera/msg/_package_Extrinsics.lisp)
Linked: (/home/pev/Documents/Arm_vision/catkin_ws/devel/.private/realsense2_camera/share/common-lisp/ros/realsense2_camera/msg/Extrinsics.lisp, /home/pev/Documents/Arm_vision/catkin_ws/devel/share/common-lisp/ros/realsense2_camera/msg/Extrinsics.lisp)
Linked: (/home/pev/Documents/Arm_vision/catkin_ws/devel/.private/realsense2_camera/share/common-lisp/ros/realsense2_camera/msg/_package.lisp, /home/pev/Documents/Arm_vision/catkin_ws/devel/share/common-lisp/ros/realsense2_camera/msg/_package.lisp)
Linked: (/home/pev/Documents/Arm_vision/catkin_ws/devel/.private/realsense2_camera/share/realsense2_camera/cmake/realsense2_camera-msg-extras.cmake, /home/pev/Documents/Arm_vision/catkin_ws/devel/share/realsense2_camera/cmake/realsense2_camera-msg-extras.cmake)
Linked: (/home/pev/Documents/Arm_vision/catkin_ws/devel/.private/realsense2_camera/share/realsense2_camera/cmake/realsense2_cameraConfig-version.cmake, /home/pev/Documents/Arm_vision/catkin_ws/devel/share/realsense2_camera/cmake/realsense2_cameraConfig-version.cmake)
Linked: (/home/pev/Documents/Arm_vision/catkin_ws/devel/.private/realsense2_camera/share/realsense2_camera/cmake/realsense2_cameraConfig.cmake, /home/pev/Documents/Arm_vision/catkin_ws/devel/share/realsense2_camera/cmake/realsense2_cameraConfig.cmake)
Linked: (/home/pev/Documents/Arm_vision/catkin_ws/devel/.private/realsense2_camera/share/realsense2_camera/cmake/realsense2_camera-msg-paths.cmake, /home/pev/Documents/Arm_vision/catkin_ws/devel/share/realsense2_camera/cmake/realsense2_camera-msg-paths.cmake)
Linked: (/home/pev/Documents/Arm_vision/catkin_ws/devel/.private/realsense2_camera/share/roseus/ros/realsense2_camera/manifest.l, /home/pev/Documents/Arm_vision/catkin_ws/devel/share/roseus/ros/realsense2_camera/manifest.l)
Linked: (/home/pev/Documents/Arm_vision/catkin_ws/devel/.private/realsense2_camera/share/roseus/ros/realsense2_camera/msg/Extrinsics.l, /home/pev/Documents/Arm_vision/catkin_ws/devel/share/roseus/ros/realsense2_camera/msg/Extrinsics.l)
Linked: (/home/pev/Documents/Arm_vision/catkin_ws/devel/.private/realsense2_camera/share/roseus/ros/realsense2_camera/msg/IMUInfo.l, /home/pev/Documents/Arm_vision/catkin_ws/devel/share/roseus/ros/realsense2_camera/msg/IMUInfo.l)
