Determining if the pthread_create exist failed with the following output:
Change Dir: /home/pev/Documents/Arm_vision/catkin_ws/build/realsense2_description/CMakeFiles/CMakeTmp

Run Build Command:"/usr/bin/make" "cmTC_62f2a/fast"
/usr/bin/make -f CMakeFiles/cmTC_62f2a.dir/build.make CMakeFiles/cmTC_62f2a.dir/build
make[1]: Entering directory '/home/pev/Documents/Arm_vision/catkin_ws/build/realsense2_description/CMakeFiles/CMakeTmp'
Building C object CMakeFiles/cmTC_62f2a.dir/CheckSymbolExists.c.o
/usr/bin/cc    -o CMakeFiles/cmTC_62f2a.dir/CheckSymbolExists.c.o   -c /home/pev/Documents/Arm_vision/catkin_ws/build/realsense2_description/CMakeFiles/CMakeTmp/CheckSymbolExists.c
Linking C executable cmTC_62f2a
/usr/bin/cmake -E cmake_link_script CMakeFiles/cmTC_62f2a.dir/link.txt --verbose=1
/usr/bin/cc      -rdynamic CMakeFiles/cmTC_62f2a.dir/CheckSymbolExists.c.o  -o cmTC_62f2a 
CMakeFiles/cmTC_62f2a.dir/CheckSymbolExists.c.o: In function `main':
CheckSymbolExists.c:(.text+0x1b): undefined reference to `pthread_create'
collect2: error: ld returned 1 exit status
CMakeFiles/cmTC_62f2a.dir/build.make:97: recipe for target 'cmTC_62f2a' failed
make[1]: *** [cmTC_62f2a] Error 1
make[1]: Leaving directory '/home/pev/Documents/Arm_vision/catkin_ws/build/realsense2_description/CMakeFiles/CMakeTmp'
Makefile:126: recipe for target 'cmTC_62f2a/fast' failed
make: *** [cmTC_62f2a/fast] Error 2

File /home/pev/Documents/Arm_vision/catkin_ws/build/realsense2_description/CMakeFiles/CMakeTmp/CheckSymbolExists.c:
/* */
#include <pthread.h>

int main(int argc, char** argv)
{
  (void)argv;
#ifndef pthread_create
  return ((int*)(&pthread_create))[argc];
#else
  (void)argc;
  return 0;
#endif
}

Determining if the function pthread_create exists in the pthreads failed with the following output:
Change Dir: /home/pev/Documents/Arm_vision/catkin_ws/build/realsense2_description/CMakeFiles/CMakeTmp

Run Build Command:"/usr/bin/make" "cmTC_0cdef/fast"
/usr/bin/make -f CMakeFiles/cmTC_0cdef.dir/build.make CMakeFiles/cmTC_0cdef.dir/build
make[1]: Entering directory '/home/pev/Documents/Arm_vision/catkin_ws/build/realsense2_description/CMakeFiles/CMakeTmp'
Building C object CMakeFiles/cmTC_0cdef.dir/CheckFunctionExists.c.o
/usr/bin/cc   -DCHECK_FUNCTION_EXISTS=pthread_create   -o CMakeFiles/cmTC_0cdef.dir/CheckFunctionExists.c.o   -c /usr/share/cmake-3.10/Modules/CheckFunctionExists.c
Linking C executable cmTC_0cdef
/usr/bin/cmake -E cmake_link_script CMakeFiles/cmTC_0cdef.dir/link.txt --verbose=1
/usr/bin/cc  -DCHECK_FUNCTION_EXISTS=pthread_create    -rdynamic CMakeFiles/cmTC_0cdef.dir/CheckFunctionExists.c.o  -o cmTC_0cdef -lpthreads 
/usr/bin/ld: cannot find -lpthreads
collect2: error: ld returned 1 exit status
CMakeFiles/cmTC_0cdef.dir/build.make:97: recipe for target 'cmTC_0cdef' failed
make[1]: *** [cmTC_0cdef] Error 1
make[1]: Leaving directory '/home/pev/Documents/Arm_vision/catkin_ws/build/realsense2_description/CMakeFiles/CMakeTmp'
Makefile:126: recipe for target 'cmTC_0cdef/fast' failed
make: *** [cmTC_0cdef/fast] Error 2


